<?xml version="1.0" encoding="UTF-8" standalone="yes"?>
<testsuites>
  <testsuite name="AUTOGENERATED:ALL:TESTS" timestamp="2023-07-25T06:10:09.208Z" errors="0" skipped="0" failures="0" tests="3">
    <testcase name="Other test" classname="Other test" time="0.008"/>
    <testcase name="And another test" classname="And another test" time="0.028"/>
    <testcase name="All tests passed!" classname="All tests passed!" time="0"/>
  </testsuite>
  <testsuite name="AUTOGENERATED:ALL:TESTS" timestamp="2023-07-25T06:10:09.208Z" errors="0" skipped="0" failures="0" tests="3">
    <testcase name="Other test" classname="Other test" time="0.008"/>
    <testcase name="And another test" classname="And another test" time="0.028"/>
    <testcase name="All tests passed!" classname="All tests passed!" time="0"/>
  </testsuite>
  <testsuite name="AUTOGENERATED:ALL:TESTS" timestamp="2023-07-25T06:10:09.208Z" errors="0" skipped="0" failures="0" tests="3">
    <testcase name="Other test" classname="Other test" time="0.008"/>
    <testcase name="And another test" classname="And another test" time="0.028"/>
    <testcase name="All tests passed!" classname="All tests passed!" time="0"/>
  </testsuite>
  <testsuite name="AUTOGENERATED:ALL:TESTS" timestamp="2023-07-25T06:10:09.208Z" errors="0" skipped="0" failures="0" tests="3">
    <testcase name="Other test" classname="Other test" time="0.008"/>
    <testcase name="And another test" classname="And another test" time="0.028"/>
    <testcase name="All tests passed!" classname="All tests passed!" time="0"/>
  </testsuite>
  <testsuite name="AUTOGENERATED:ALL:TESTS" timestamp="2023-07-25T06:10:09.208Z" errors="0" skipped="0" failures="0" tests="3">
    <testcase name="Other test" classname="Other test" time="0.008"/>
    <testcase name="And another test" classname="And another test" time="0.028"/>
    <testcase name="All tests passed!" classname="All tests passed!" time="0"/>
  </testsuite>
</testsuites>